2015-09-03 4:28:26 - MOD: Modification Default
FILE: system/engine/action.php
REGEX: ~(require|include)(_once)?\(([^)]+)~
LINE: 58
FILE: system/engine/loader.php
REGEX: ~(require|include)(_once)?\(([^)]+)~
LINE: 20
LINE: 37
LINE: 54
LINE: 65
FILE: system/library/config.php
REGEX: ~(require|include)(_once)?\(([^)]+)~
LINE: 23
FILE: system/library/language.php
REGEX: ~(require|include)(_once)?\(([^)]+)~
LINE: 21
LINE: 27
----------------------------------------------------------------
MOD: Search Category by Plaza Themes
FILE: catalog/controller/common/header.php
CODE: $data['search'] = $this->load->controller('common/search');
LINE: 127
----------------------------------------------------------------
2015-09-03 10:11:35 - MOD: Modification Default
FILE: system/engine/action.php
REGEX: ~(require|include)(_once)?\(([^)]+)~
LINE: 58
FILE: system/engine/loader.php
REGEX: ~(require|include)(_once)?\(([^)]+)~
LINE: 20
LINE: 37
LINE: 54
LINE: 65
FILE: system/library/config.php
REGEX: ~(require|include)(_once)?\(([^)]+)~
LINE: 23
FILE: system/library/language.php
REGEX: ~(require|include)(_once)?\(([^)]+)~
LINE: 21
LINE: 27
----------------------------------------------------------------
MOD: Category Thumbnail by Plaza Themes
FILE: admin/controller/common/menu.php
CODE: $data['category'] = $this->url->link('catalog/category', 'token=' . $this->session->data['token'], 'SSL');
LINE: 117
CODE: $data['text_category'] = $this->language->get('text_category');
LINE: 15
FILE: admin/language/english/common/menu.php
CODE: 'Categories';
LINE: 12
FILE: admin/view/template/common/menu.tpl
CODE: <li><a href="<?php echo $category; ?>"><?php echo $text_category; ?></a></li>
LINE: 4
----------------------------------------------------------------
MOD: Search Category by Plaza Themes
FILE: catalog/controller/common/header.php
CODE: $data['search'] = $this->load->controller('common/search');
LINE: 127
----------------------------------------------------------------
2015-09-07 11:10:34 - MOD: Modification Default
FILE: system/engine/action.php
REGEX: ~(require|include)(_once)?\(([^)]+)~
LINE: 58
FILE: system/engine/loader.php
REGEX: ~(require|include)(_once)?\(([^)]+)~
LINE: 20
LINE: 37
LINE: 54
LINE: 65
FILE: system/library/config.php
REGEX: ~(require|include)(_once)?\(([^)]+)~
LINE: 23
FILE: system/library/language.php
REGEX: ~(require|include)(_once)?\(([^)]+)~
LINE: 21
LINE: 27
----------------------------------------------------------------
MOD: Blog For Opencart 2.x+
FILE: admin/controller/common/menu.php
CODE: return $this->load->view('common/menu.tpl', $data);
LINE: 210
FILE: admin/view/template/common/menu.tpl
CODE: <li id="system"><a class="parent"><i class="fa fa-cog fa-fw"></i> <span><?php echo $text_system; ?></span></a>
LINE: 119
FILE: admin/language/english/common/menu.php
CODE: $_['text_user']                        = 'Users';
LINE: 78
FILE: catalog/view/theme/default/template/common/footer.tpl
CODE: <?php foreach ($informations as $information) { ?>
LINE: 10
FILE: catalog/controller/common/footer.php
CODE: $data['informations'] = array();
LINE: 28
----------------------------------------------------------------
MOD: Category Thumbnail by Plaza Themes
CODE: $data['category'] = $this->url->link('catalog/category', 'token=' . $this->session->data['token'], 'SSL');
LINE: 117
CODE: $data['text_category'] = $this->language->get('text_category');
LINE: 15
CODE: 'Categories';
LINE: 12
CODE: <li><a href="<?php echo $category; ?>"><?php echo $text_category; ?></a></li>
LINE: 4
----------------------------------------------------------------
MOD: Search Category by Plaza Themes
FILE: catalog/controller/common/header.php
CODE: $data['search'] = $this->load->controller('common/search');
LINE: 127
----------------------------------------------------------------
2015-09-10 4:34:12 - MOD: Modification Default
FILE: system/engine/action.php
REGEX: ~(require|include)(_once)?\(([^)]+)~
LINE: 58
FILE: system/engine/loader.php
REGEX: ~(require|include)(_once)?\(([^)]+)~
LINE: 20
LINE: 37
LINE: 54
LINE: 65
FILE: system/library/config.php
REGEX: ~(require|include)(_once)?\(([^)]+)~
LINE: 23
FILE: system/library/language.php
REGEX: ~(require|include)(_once)?\(([^)]+)~
LINE: 21
LINE: 27
----------------------------------------------------------------
MOD: Blog For Opencart 2.x+
FILE: admin/controller/common/menu.php
CODE: return $this->load->view('common/menu.tpl', $data);
LINE: 210
FILE: admin/view/template/common/menu.tpl
CODE: <li id="system"><a class="parent"><i class="fa fa-cog fa-fw"></i> <span><?php echo $text_system; ?></span></a>
LINE: 119
FILE: admin/language/english/common/menu.php
CODE: $_['text_user']                        = 'Users';
LINE: 78
FILE: catalog/view/theme/default/template/common/footer.tpl
CODE: <?php foreach ($informations as $information) { ?>
LINE: 10
FILE: catalog/controller/common/footer.php
CODE: $data['informations'] = array();
LINE: 28
----------------------------------------------------------------
MOD: Category Thumbnail by Plaza Themes
CODE: $data['category'] = $this->url->link('catalog/category', 'token=' . $this->session->data['token'], 'SSL');
LINE: 117
CODE: $data['text_category'] = $this->language->get('text_category');
LINE: 15
CODE: 'Categories';
LINE: 12
CODE: <li><a href="<?php echo $category; ?>"><?php echo $text_category; ?></a></li>
LINE: 4
----------------------------------------------------------------
MOD: Search Category by Plaza Themes
FILE: catalog/controller/common/header.php
CODE: $data['search'] = $this->load->controller('common/search');
LINE: 127
----------------------------------------------------------------
MOD: Testimonial by Plaza Themes
CODE: $data['category'] = $this->url->link('catalog/category', 'token=' . $this->session->data['token'], 'SSL');
LINE: 123
CODE: $data['text_category'] = $this->language->get('text_category');
LINE: 18
CODE: 'Customers';
LINE: 19
CODE: <li><a href="<?php echo $product; ?>"><?php echo $text_product; ?></a></li>
LINE: 15
----------------------------------------------------------------
2015-09-10 10:54:48 - MOD: Modification Default
FILE: system/engine/action.php
REGEX: ~(require|include)(_once)?\(([^)]+)~
LINE: 58
FILE: system/engine/loader.php
REGEX: ~(require|include)(_once)?\(([^)]+)~
LINE: 20
LINE: 37
LINE: 54
LINE: 65
FILE: system/library/config.php
REGEX: ~(require|include)(_once)?\(([^)]+)~
LINE: 23
FILE: system/library/language.php
REGEX: ~(require|include)(_once)?\(([^)]+)~
LINE: 21
LINE: 27
----------------------------------------------------------------
MOD: Blog For Opencart 2.x+
FILE: admin/controller/common/menu.php
CODE: return $this->load->view('common/menu.tpl', $data);
LINE: 210
FILE: admin/view/template/common/menu.tpl
CODE: <li id="system"><a class="parent"><i class="fa fa-cog fa-fw"></i> <span><?php echo $text_system; ?></span></a>
LINE: 119
FILE: admin/language/english/common/menu.php
CODE: $_['text_user']                        = 'Users';
LINE: 78
FILE: catalog/view/theme/default/template/common/footer.tpl
CODE: <?php foreach ($informations as $information) { ?>
LINE: 10
FILE: catalog/controller/common/footer.php
CODE: $data['informations'] = array();
LINE: 28
----------------------------------------------------------------
MOD: Category Thumbnail by Plaza Themes
CODE: $data['category'] = $this->url->link('catalog/category', 'token=' . $this->session->data['token'], 'SSL');
LINE: 117
CODE: $data['text_category'] = $this->language->get('text_category');
LINE: 15
CODE: 'Categories';
LINE: 12
CODE: <li><a href="<?php echo $category; ?>"><?php echo $text_category; ?></a></li>
LINE: 4
----------------------------------------------------------------
MOD: Layered Navigation Ajax by Plaza Themes
FILE: catalog/controller/product/category.php
CODE: if (file_exists(DIR_TEMPLATE . $this->config->get('config_template') . '/template/product/category.tpl')) {
LINE: 375
CODE: $this->response->setOutput($this->load->view('default/template/product/category.tpl', $data));
LINE: 381
CODE: $pagination->url = $this->url->link('product/category', 'path=' . $this->request->get['path'] . $url . '&page={page}');
LINE: 344
FILE: catalog/model/catalog/product.php
CODE: if (!empty($data['filter_manufacturer_id'])) {
LINE: 151
LINE: 504
----------------------------------------------------------------
MOD: Search Category by Plaza Themes
FILE: catalog/controller/common/header.php
CODE: $data['search'] = $this->load->controller('common/search');
LINE: 127
----------------------------------------------------------------
MOD: Testimonial by Plaza Themes
CODE: $data['category'] = $this->url->link('catalog/category', 'token=' . $this->session->data['token'], 'SSL');
LINE: 123
CODE: $data['text_category'] = $this->language->get('text_category');
LINE: 18
CODE: 'Customers';
LINE: 19
CODE: <li><a href="<?php echo $product; ?>"><?php echo $text_product; ?></a></li>
LINE: 15
----------------------------------------------------------------
2015-09-11 9:41:22 - MOD: Modification Default
FILE: system/engine/action.php
REGEX: ~(require|include)(_once)?\(([^)]+)~
LINE: 58
FILE: system/engine/loader.php
REGEX: ~(require|include)(_once)?\(([^)]+)~
LINE: 20
LINE: 37
LINE: 54
LINE: 65
FILE: system/library/config.php
REGEX: ~(require|include)(_once)?\(([^)]+)~
LINE: 23
FILE: system/library/language.php
REGEX: ~(require|include)(_once)?\(([^)]+)~
LINE: 21
LINE: 27
----------------------------------------------------------------
MOD: Blog For Opencart 2.x+
FILE: admin/controller/common/menu.php
CODE: return $this->load->view('common/menu.tpl', $data);
LINE: 210
FILE: admin/view/template/common/menu.tpl
CODE: <li id="system"><a class="parent"><i class="fa fa-cog fa-fw"></i> <span><?php echo $text_system; ?></span></a>
LINE: 119
FILE: admin/language/english/common/menu.php
CODE: $_['text_user']                        = 'Users';
LINE: 78
FILE: catalog/view/theme/default/template/common/footer.tpl
CODE: <?php foreach ($informations as $information) { ?>
LINE: 10
FILE: catalog/controller/common/footer.php
CODE: $data['informations'] = array();
LINE: 28
----------------------------------------------------------------
MOD: Category Thumbnail by Plaza Themes
CODE: $data['category'] = $this->url->link('catalog/category', 'token=' . $this->session->data['token'], 'SSL');
LINE: 117
CODE: $data['text_category'] = $this->language->get('text_category');
LINE: 15
CODE: 'Categories';
LINE: 12
CODE: <li><a href="<?php echo $category; ?>"><?php echo $text_category; ?></a></li>
LINE: 4
----------------------------------------------------------------
MOD: Layered Navigation Ajax by Plaza Themes
FILE: catalog/controller/product/category.php
CODE: if (file_exists(DIR_TEMPLATE . $this->config->get('config_template') . '/template/product/category.tpl')) {
LINE: 375
CODE: $this->response->setOutput($this->load->view('default/template/product/category.tpl', $data));
LINE: 381
CODE: $pagination->url = $this->url->link('product/category', 'path=' . $this->request->get['path'] . $url . '&page={page}');
LINE: 344
FILE: catalog/model/catalog/product.php
CODE: if (!empty($data['filter_manufacturer_id'])) {
LINE: 151
LINE: 504
----------------------------------------------------------------
MOD: Product Rotator Image by Plaza Themes
FILE: admin/controller/catalog/product.php
CODE: public function index() {
LINE: 10
CODE: $data['entry_image'] = $this->language->get('entry_image');
LINE: 582
CODE: 'sort_order' => $product_image['sort_order']
LINE: 1237
FILE: admin/model/catalog/product.php
CODE: $this->db->query("INSERT INTO " . DB_PREFIX . "product_image SET product_id = '" . (int)$product_id . "', image = '" . $this->db->escape($product_image['image']) . "', sort_order = '" . (int)$product_image['sort_order'] . "'");
LINE: 65
LINE: 203
FILE: admin/view/template/catalog/product_form.tpl
CODE: <td class="text-right"><?php echo $entry_sort_order; ?></td>
LINE: 823
CODE: <td class="text-left"><button type="button" onclick="$('#image-row<?php echo $image_row; ?>').remove();" data-toggle="tooltip" title="<?php echo $button_remove; ?>" class="btn btn-danger"><i class="fa fa-minus-circle"></i></button></td>
LINE: 848
CODE: function addImage() {
LINE: 1375
CODE: $('#images tbody').append(html);
LINE: 1393
CODE: html += '  <td class="text-left"><button type="button" onclick="$(\'#image-row' + image_row  + '\').remove();" data-toggle="tooltip" title="<?php echo $button_remove; ?>" class="btn btn-danger"><i class="fa fa-minus-circle"></i></button></td>';
LINE: 1389
----------------------------------------------------------------
MOD: Search Category by Plaza Themes
FILE: catalog/controller/common/header.php
CODE: $data['search'] = $this->load->controller('common/search');
LINE: 127
----------------------------------------------------------------
MOD: Testimonial by Plaza Themes
CODE: $data['category'] = $this->url->link('catalog/category', 'token=' . $this->session->data['token'], 'SSL');
LINE: 123
CODE: $data['text_category'] = $this->language->get('text_category');
LINE: 18
CODE: 'Customers';
LINE: 19
CODE: <li><a href="<?php echo $product; ?>"><?php echo $text_product; ?></a></li>
LINE: 15
----------------------------------------------------------------
2015-09-11 10:47:42 - MOD: Modification Default
FILE: system/engine/action.php
REGEX: ~(require|include)(_once)?\(([^)]+)~
LINE: 58
FILE: system/engine/loader.php
REGEX: ~(require|include)(_once)?\(([^)]+)~
LINE: 20
LINE: 37
LINE: 54
LINE: 65
FILE: system/library/config.php
REGEX: ~(require|include)(_once)?\(([^)]+)~
LINE: 23
FILE: system/library/language.php
REGEX: ~(require|include)(_once)?\(([^)]+)~
LINE: 21
LINE: 27
----------------------------------------------------------------
MOD: Blog For Opencart 2.x+
FILE: admin/controller/common/menu.php
CODE: return $this->load->view('common/menu.tpl', $data);
LINE: 210
FILE: admin/view/template/common/menu.tpl
CODE: <li id="system"><a class="parent"><i class="fa fa-cog fa-fw"></i> <span><?php echo $text_system; ?></span></a>
LINE: 119
FILE: admin/language/english/common/menu.php
CODE: $_['text_user']                        = 'Users';
LINE: 78
FILE: catalog/view/theme/default/template/common/footer.tpl
CODE: <?php foreach ($informations as $information) { ?>
LINE: 10
FILE: catalog/controller/common/footer.php
CODE: $data['informations'] = array();
LINE: 28
----------------------------------------------------------------
MOD: Category Thumbnail by Plaza Themes
CODE: $data['category'] = $this->url->link('catalog/category', 'token=' . $this->session->data['token'], 'SSL');
LINE: 117
CODE: $data['text_category'] = $this->language->get('text_category');
LINE: 15
CODE: 'Categories';
LINE: 12
CODE: <li><a href="<?php echo $category; ?>"><?php echo $text_category; ?></a></li>
LINE: 4
----------------------------------------------------------------
MOD: Layered Navigation Ajax by Plaza Themes
FILE: catalog/controller/product/category.php
CODE: if (file_exists(DIR_TEMPLATE . $this->config->get('config_template') . '/template/product/category.tpl')) {
LINE: 397
CODE: $this->response->setOutput($this->load->view('default/template/product/category.tpl', $data));
LINE: 403
CODE: $pagination->url = $this->url->link('product/category', 'path=' . $this->request->get['path'] . $url . '&page={page}');
LINE: 366
FILE: catalog/model/catalog/product.php
CODE: if (!empty($data['filter_manufacturer_id'])) {
LINE: 151
LINE: 504
----------------------------------------------------------------
MOD: Product Rotator Image by Plaza Themes
FILE: admin/controller/catalog/product.php
CODE: public function index() {
LINE: 10
CODE: $data['entry_image'] = $this->language->get('entry_image');
LINE: 582
CODE: 'sort_order' => $product_image['sort_order']
LINE: 1237
FILE: admin/model/catalog/product.php
CODE: $this->db->query("INSERT INTO " . DB_PREFIX . "product_image SET product_id = '" . (int)$product_id . "', image = '" . $this->db->escape($product_image['image']) . "', sort_order = '" . (int)$product_image['sort_order'] . "'");
LINE: 65
LINE: 203
FILE: admin/view/template/catalog/product_form.tpl
CODE: <td class="text-right"><?php echo $entry_sort_order; ?></td>
LINE: 823
CODE: <td class="text-left"><button type="button" onclick="$('#image-row<?php echo $image_row; ?>').remove();" data-toggle="tooltip" title="<?php echo $button_remove; ?>" class="btn btn-danger"><i class="fa fa-minus-circle"></i></button></td>
LINE: 848
CODE: function addImage() {
LINE: 1375
CODE: $('#images tbody').append(html);
LINE: 1393
CODE: html += '  <td class="text-left"><button type="button" onclick="$(\'#image-row' + image_row  + '\').remove();" data-toggle="tooltip" title="<?php echo $button_remove; ?>" class="btn btn-danger"><i class="fa fa-minus-circle"></i></button></td>';
LINE: 1389
----------------------------------------------------------------
MOD: Search Category by Plaza Themes
FILE: catalog/controller/common/header.php
CODE: $data['search'] = $this->load->controller('common/search');
LINE: 127
----------------------------------------------------------------
MOD: Testimonial by Plaza Themes
CODE: $data['category'] = $this->url->link('catalog/category', 'token=' . $this->session->data['token'], 'SSL');
LINE: 123
CODE: $data['text_category'] = $this->language->get('text_category');
LINE: 18
CODE: 'Customers';
LINE: 19
CODE: <li><a href="<?php echo $product; ?>"><?php echo $text_product; ?></a></li>
LINE: 15
----------------------------------------------------------------
2015-09-11 10:47:56 - MOD: Modification Default
FILE: system/engine/action.php
REGEX: ~(require|include)(_once)?\(([^)]+)~
LINE: 58
FILE: system/engine/loader.php
REGEX: ~(require|include)(_once)?\(([^)]+)~
LINE: 20
LINE: 37
LINE: 54
LINE: 65
FILE: system/library/config.php
REGEX: ~(require|include)(_once)?\(([^)]+)~
LINE: 23
FILE: system/library/language.php
REGEX: ~(require|include)(_once)?\(([^)]+)~
LINE: 21
LINE: 27
----------------------------------------------------------------
MOD: Blog For Opencart 2.x+
FILE: admin/controller/common/menu.php
CODE: return $this->load->view('common/menu.tpl', $data);
LINE: 210
FILE: admin/view/template/common/menu.tpl
CODE: <li id="system"><a class="parent"><i class="fa fa-cog fa-fw"></i> <span><?php echo $text_system; ?></span></a>
LINE: 119
FILE: admin/language/english/common/menu.php
CODE: $_['text_user']                        = 'Users';
LINE: 78
FILE: catalog/view/theme/default/template/common/footer.tpl
CODE: <?php foreach ($informations as $information) { ?>
LINE: 10
FILE: catalog/controller/common/footer.php
CODE: $data['informations'] = array();
LINE: 28
----------------------------------------------------------------
MOD: Category Thumbnail by Plaza Themes
CODE: $data['category'] = $this->url->link('catalog/category', 'token=' . $this->session->data['token'], 'SSL');
LINE: 117
CODE: $data['text_category'] = $this->language->get('text_category');
LINE: 15
CODE: 'Categories';
LINE: 12
CODE: <li><a href="<?php echo $category; ?>"><?php echo $text_category; ?></a></li>
LINE: 4
----------------------------------------------------------------
MOD: Layered Navigation Ajax by Plaza Themes
FILE: catalog/controller/product/category.php
CODE: if (file_exists(DIR_TEMPLATE . $this->config->get('config_template') . '/template/product/category.tpl')) {
LINE: 397
CODE: $this->response->setOutput($this->load->view('default/template/product/category.tpl', $data));
LINE: 403
CODE: $pagination->url = $this->url->link('product/category', 'path=' . $this->request->get['path'] . $url . '&page={page}');
LINE: 366
FILE: catalog/model/catalog/product.php
CODE: if (!empty($data['filter_manufacturer_id'])) {
LINE: 151
LINE: 504
----------------------------------------------------------------
MOD: Product Rotator Image by Plaza Themes
FILE: admin/controller/catalog/product.php
CODE: public function index() {
LINE: 10
CODE: $data['entry_image'] = $this->language->get('entry_image');
LINE: 582
CODE: 'sort_order' => $product_image['sort_order']
LINE: 1237
FILE: admin/model/catalog/product.php
CODE: $this->db->query("INSERT INTO " . DB_PREFIX . "product_image SET product_id = '" . (int)$product_id . "', image = '" . $this->db->escape($product_image['image']) . "', sort_order = '" . (int)$product_image['sort_order'] . "'");
LINE: 65
LINE: 203
FILE: admin/view/template/catalog/product_form.tpl
CODE: <td class="text-right"><?php echo $entry_sort_order; ?></td>
LINE: 823
CODE: <td class="text-left"><button type="button" onclick="$('#image-row<?php echo $image_row; ?>').remove();" data-toggle="tooltip" title="<?php echo $button_remove; ?>" class="btn btn-danger"><i class="fa fa-minus-circle"></i></button></td>
LINE: 848
CODE: function addImage() {
LINE: 1375
CODE: $('#images tbody').append(html);
LINE: 1393
CODE: html += '  <td class="text-left"><button type="button" onclick="$(\'#image-row' + image_row  + '\').remove();" data-toggle="tooltip" title="<?php echo $button_remove; ?>" class="btn btn-danger"><i class="fa fa-minus-circle"></i></button></td>';
LINE: 1389
----------------------------------------------------------------
MOD: Search Category by Plaza Themes
FILE: catalog/controller/common/header.php
CODE: $data['search'] = $this->load->controller('common/search');
LINE: 127
----------------------------------------------------------------
MOD: Testimonial by Plaza Themes
CODE: $data['category'] = $this->url->link('catalog/category', 'token=' . $this->session->data['token'], 'SSL');
LINE: 123
CODE: $data['text_category'] = $this->language->get('text_category');
LINE: 18
CODE: 'Customers';
LINE: 19
CODE: <li><a href="<?php echo $product; ?>"><?php echo $text_product; ?></a></li>
LINE: 15
----------------------------------------------------------------
2015-10-09 12:14:26 - MOD: Modification Default
FILE: system/engine/action.php
REGEX: ~(require|include)(_once)?\(([^)]+)~
LINE: 58
FILE: system/engine/loader.php
REGEX: ~(require|include)(_once)?\(([^)]+)~
LINE: 20
LINE: 37
LINE: 54
LINE: 65
FILE: system/library/config.php
REGEX: ~(require|include)(_once)?\(([^)]+)~
LINE: 23
FILE: system/library/language.php
REGEX: ~(require|include)(_once)?\(([^)]+)~
LINE: 21
LINE: 27
----------------------------------------------------------------
MOD: Blog For Opencart 2.x+
FILE: admin/controller/common/menu.php
CODE: return $this->load->view('common/menu.tpl', $data);
LINE: 210
FILE: admin/view/template/common/menu.tpl
CODE: <li id="system"><a class="parent"><i class="fa fa-cog fa-fw"></i> <span><?php echo $text_system; ?></span></a>
LINE: 119
FILE: admin/language/english/common/menu.php
CODE: $_['text_user']                        = 'Users';
LINE: 78
FILE: catalog/view/theme/default/template/common/footer.tpl
CODE: <?php foreach ($informations as $information) { ?>
LINE: 10
FILE: catalog/controller/common/footer.php
CODE: $data['informations'] = array();
LINE: 28
----------------------------------------------------------------
MOD: Category Thumbnail by Plaza Themes
CODE: $data['category'] = $this->url->link('catalog/category', 'token=' . $this->session->data['token'], 'SSL');
LINE: 117
CODE: $data['text_category'] = $this->language->get('text_category');
LINE: 15
CODE: 'Categories';
LINE: 12
CODE: <li><a href="<?php echo $category; ?>"><?php echo $text_category; ?></a></li>
LINE: 4
----------------------------------------------------------------
MOD: Layered Navigation Ajax by Plaza Themes
FILE: catalog/controller/product/category.php
CODE: if (file_exists(DIR_TEMPLATE . $this->config->get('config_template') . '/template/product/category.tpl')) {
LINE: 397
CODE: $this->response->setOutput($this->load->view('default/template/product/category.tpl', $data));
LINE: 403
CODE: 'href'  => $this->url->link('product/category', 'path=' . $this->request->get['path'] . '_' . $result['category_id'] . $url)
LINE: 163
CODE: $this->url->link('product/category', 'path=' . $this->request->get['path'] . '&sort=p.sort_order&order=ASC' . $url)
LINE: 263
CODE: $this->url->link('product/category', 'path=' . $this->request->get['path'] . '&sort=pd.name&order=ASC' . $url)
LINE: 269
CODE: $this->url->link('product/category', 'path=' . $this->request->get['path'] . '&sort=pd.name&order=DESC' . $url)
LINE: 275
CODE: $this->url->link('product/category', 'path=' . $this->request->get['path'] . '&sort=p.price&order=ASC' . $url)
LINE: 281
CODE: $this->url->link('product/category', 'path=' . $this->request->get['path'] . '&sort=p.price&order=DESC' . $url)
LINE: 287
CODE: $this->url->link('product/category', 'path=' . $this->request->get['path'] . '&sort=rating&order=DESC' . $url)
LINE: 294
CODE: $this->url->link('product/category', 'path=' . $this->request->get['path'] . '&sort=rating&order=ASC' . $url)
LINE: 300
CODE: $this->url->link('product/category', 'path=' . $this->request->get['path'] . '&sort=p.model&order=ASC' . $url)
LINE: 307
CODE: $this->url->link('product/category', 'path=' . $this->request->get['path'] . '&sort=p.model&order=DESC' . $url)
LINE: 313
CODE: $this->url->link('product/category', 'path=' . $this->request->get['path'] . $url . '&limit=' . $value)
LINE: 340
CODE: $pagination->url = $this->url->link('product/category', 'path=' . $this->request->get['path'] . $url . '&page={page}');
LINE: 366
FILE: catalog/model/catalog/product.php
CODE: if (!empty($data['filter_manufacturer_id'])) {
LINE: 151
LINE: 504
----------------------------------------------------------------
MOD: Product Rotator Image by Plaza Themes
FILE: admin/controller/catalog/product.php
CODE: public function index() {
LINE: 10
CODE: $data['entry_image'] = $this->language->get('entry_image');
LINE: 582
CODE: 'sort_order' => $product_image['sort_order']
LINE: 1237
FILE: admin/model/catalog/product.php
CODE: $this->db->query("INSERT INTO " . DB_PREFIX . "product_image SET product_id = '" . (int)$product_id . "', image = '" . $this->db->escape($product_image['image']) . "', sort_order = '" . (int)$product_image['sort_order'] . "'");
LINE: 65
LINE: 203
FILE: admin/view/template/catalog/product_form.tpl
CODE: <td class="text-right"><?php echo $entry_sort_order; ?></td>
LINE: 823
CODE: <td class="text-left"><button type="button" onclick="$('#image-row<?php echo $image_row; ?>').remove();" data-toggle="tooltip" title="<?php echo $button_remove; ?>" class="btn btn-danger"><i class="fa fa-minus-circle"></i></button></td>
LINE: 848
CODE: function addImage() {
LINE: 1375
CODE: $('#images tbody').append(html);
LINE: 1393
CODE: html += '  <td class="text-left"><button type="button" onclick="$(\'#image-row' + image_row  + '\').remove();" data-toggle="tooltip" title="<?php echo $button_remove; ?>" class="btn btn-danger"><i class="fa fa-minus-circle"></i></button></td>';
LINE: 1389
----------------------------------------------------------------
MOD: Search Category by Plaza Themes
FILE: catalog/controller/common/header.php
CODE: $data['search'] = $this->load->controller('common/search');
LINE: 127
----------------------------------------------------------------
MOD: Testimonial by Plaza Themes
CODE: $data['category'] = $this->url->link('catalog/category', 'token=' . $this->session->data['token'], 'SSL');
LINE: 123
CODE: $data['text_category'] = $this->language->get('text_category');
LINE: 18
CODE: 'Customers';
LINE: 19
CODE: <li><a href="<?php echo $product; ?>"><?php echo $text_product; ?></a></li>
LINE: 15
----------------------------------------------------------------
2015-10-14 4:52:22 - MOD: Modification Default
FILE: system/engine/action.php
REGEX: ~(require|include)(_once)?\(([^)]+)~
LINE: 58
FILE: system/engine/loader.php
REGEX: ~(require|include)(_once)?\(([^)]+)~
LINE: 20
LINE: 37
LINE: 54
LINE: 65
FILE: system/library/config.php
REGEX: ~(require|include)(_once)?\(([^)]+)~
LINE: 23
FILE: system/library/language.php
REGEX: ~(require|include)(_once)?\(([^)]+)~
LINE: 21
LINE: 27
----------------------------------------------------------------
MOD: Blog For Opencart 2.x+
FILE: admin/controller/common/menu.php
CODE: return $this->load->view('common/menu.tpl', $data);
LINE: 210
FILE: admin/view/template/common/menu.tpl
CODE: <li id="system"><a class="parent"><i class="fa fa-cog fa-fw"></i> <span><?php echo $text_system; ?></span></a>
LINE: 119
FILE: admin/language/english/common/menu.php
CODE: $_['text_user']                        = 'Users';
LINE: 78
FILE: catalog/view/theme/default/template/common/footer.tpl
CODE: <?php foreach ($informations as $information) { ?>
LINE: 10
FILE: catalog/controller/common/footer.php
CODE: $data['informations'] = array();
LINE: 28
----------------------------------------------------------------
MOD: Category Thumbnail by Plaza Themes
CODE: $data['category'] = $this->url->link('catalog/category', 'token=' . $this->session->data['token'], 'SSL');
LINE: 117
CODE: $data['text_category'] = $this->language->get('text_category');
LINE: 15
CODE: 'Categories';
LINE: 12
CODE: <li><a href="<?php echo $category; ?>"><?php echo $text_category; ?></a></li>
LINE: 4
----------------------------------------------------------------
MOD: Layered Navigation Ajax by Plaza Themes
FILE: catalog/controller/product/category.php
CODE: if (file_exists(DIR_TEMPLATE . $this->config->get('config_template') . '/template/product/category.tpl')) {
LINE: 397
CODE: $this->response->setOutput($this->load->view('default/template/product/category.tpl', $data));
LINE: 403
CODE: 'href'  => $this->url->link('product/category', 'path=' . $this->request->get['path'] . '_' . $result['category_id'] . $url)
LINE: 163
CODE: $this->url->link('product/category', 'path=' . $this->request->get['path'] . '&sort=p.sort_order&order=ASC' . $url)
LINE: 263
CODE: $this->url->link('product/category', 'path=' . $this->request->get['path'] . '&sort=pd.name&order=ASC' . $url)
LINE: 269
CODE: $this->url->link('product/category', 'path=' . $this->request->get['path'] . '&sort=pd.name&order=DESC' . $url)
LINE: 275
CODE: $this->url->link('product/category', 'path=' . $this->request->get['path'] . '&sort=p.price&order=ASC' . $url)
LINE: 281
CODE: $this->url->link('product/category', 'path=' . $this->request->get['path'] . '&sort=p.price&order=DESC' . $url)
LINE: 287
CODE: $this->url->link('product/category', 'path=' . $this->request->get['path'] . '&sort=rating&order=DESC' . $url)
LINE: 294
CODE: $this->url->link('product/category', 'path=' . $this->request->get['path'] . '&sort=rating&order=ASC' . $url)
LINE: 300
CODE: $this->url->link('product/category', 'path=' . $this->request->get['path'] . '&sort=p.model&order=ASC' . $url)
LINE: 307
CODE: $this->url->link('product/category', 'path=' . $this->request->get['path'] . '&sort=p.model&order=DESC' . $url)
LINE: 313
CODE: $this->url->link('product/category', 'path=' . $this->request->get['path'] . $url . '&limit=' . $value)
LINE: 340
CODE: $pagination->url = $this->url->link('product/category', 'path=' . $this->request->get['path'] . $url . '&page={page}');
LINE: 366
FILE: catalog/model/catalog/product.php
CODE: if (!empty($data['filter_manufacturer_id'])) {
LINE: 151
LINE: 504
----------------------------------------------------------------
MOD: Product Rotator Image by Plaza Themes
FILE: admin/controller/catalog/product.php
CODE: public function index() {
LINE: 10
CODE: $data['entry_image'] = $this->language->get('entry_image');
LINE: 582
CODE: 'sort_order' => $product_image['sort_order']
LINE: 1237
FILE: admin/model/catalog/product.php
CODE: $this->db->query("INSERT INTO " . DB_PREFIX . "product_image SET product_id = '" . (int)$product_id . "', image = '" . $this->db->escape($product_image['image']) . "', sort_order = '" . (int)$product_image['sort_order'] . "'");
LINE: 65
LINE: 203
FILE: admin/view/template/catalog/product_form.tpl
CODE: <td class="text-right"><?php echo $entry_sort_order; ?></td>
LINE: 823
CODE: <td class="text-left"><button type="button" onclick="$('#image-row<?php echo $image_row; ?>').remove();" data-toggle="tooltip" title="<?php echo $button_remove; ?>" class="btn btn-danger"><i class="fa fa-minus-circle"></i></button></td>
LINE: 848
CODE: function addImage() {
LINE: 1375
CODE: $('#images tbody').append(html);
LINE: 1393
CODE: html += '  <td class="text-left"><button type="button" onclick="$(\'#image-row' + image_row  + '\').remove();" data-toggle="tooltip" title="<?php echo $button_remove; ?>" class="btn btn-danger"><i class="fa fa-minus-circle"></i></button></td>';
LINE: 1389
----------------------------------------------------------------
MOD: Search Category by Plaza Themes
FILE: catalog/controller/common/header.php
CODE: $data['search'] = $this->load->controller('common/search');
LINE: 127
----------------------------------------------------------------
MOD: Testimonial by Plaza Themes
CODE: $data['category'] = $this->url->link('catalog/category', 'token=' . $this->session->data['token'], 'SSL');
LINE: 123
CODE: $data['text_category'] = $this->language->get('text_category');
LINE: 18
CODE: 'Customers';
LINE: 19
CODE: <li><a href="<?php echo $product; ?>"><?php echo $text_product; ?></a></li>
LINE: 15
----------------------------------------------------------------
2015-12-04 9:09:38 - MOD: Modification Default
FILE: system/engine/action.php
REGEX: ~(require|include)(_once)?\(([^)]+)~
LINE: 58
FILE: system/engine/loader.php
REGEX: ~(require|include)(_once)?\(([^)]+)~
LINE: 20
LINE: 37
LINE: 54
LINE: 65
FILE: system/library/config.php
REGEX: ~(require|include)(_once)?\(([^)]+)~
LINE: 23
FILE: system/library/language.php
REGEX: ~(require|include)(_once)?\(([^)]+)~
LINE: 21
LINE: 27
----------------------------------------------------------------
MOD: Blog For Opencart 2.x+
FILE: admin/controller/common/menu.php
CODE: return $this->load->view('common/menu.tpl', $data);
LINE: 210
FILE: admin/view/template/common/menu.tpl
CODE: <li id="system"><a class="parent"><i class="fa fa-cog fa-fw"></i> <span><?php echo $text_system; ?></span></a>
LINE: 119
FILE: admin/language/english/common/menu.php
CODE: $_['text_user']                        = 'Users';
LINE: 78
FILE: catalog/view/theme/default/template/common/footer.tpl
CODE: <?php foreach ($informations as $information) { ?>
LINE: 10
FILE: catalog/controller/common/footer.php
CODE: $data['informations'] = array();
LINE: 28
----------------------------------------------------------------
MOD: Category Thumbnail by Plaza Themes
CODE: $data['category'] = $this->url->link('catalog/category', 'token=' . $this->session->data['token'], 'SSL');
LINE: 117
CODE: $data['text_category'] = $this->language->get('text_category');
LINE: 15
CODE: 'Categories';
LINE: 12
CODE: <li><a href="<?php echo $category; ?>"><?php echo $text_category; ?></a></li>
LINE: 4
----------------------------------------------------------------
MOD: Layered Navigation Ajax by Plaza Themes
FILE: catalog/controller/product/category.php
CODE: if (file_exists(DIR_TEMPLATE . $this->config->get('config_template') . '/template/product/category.tpl')) {
LINE: 409
CODE: $this->response->setOutput($this->load->view('default/template/product/category.tpl', $data));
LINE: 415
CODE: 'href'  => $this->url->link('product/category', 'path=' . $this->request->get['path'] . '_' . $result['category_id'] . $url)
LINE: 163
CODE: $this->url->link('product/category', 'path=' . $this->request->get['path'] . '&sort=p.sort_order&order=ASC' . $url)
LINE: 275
CODE: $this->url->link('product/category', 'path=' . $this->request->get['path'] . '&sort=pd.name&order=ASC' . $url)
LINE: 281
CODE: $this->url->link('product/category', 'path=' . $this->request->get['path'] . '&sort=pd.name&order=DESC' . $url)
LINE: 287
CODE: $this->url->link('product/category', 'path=' . $this->request->get['path'] . '&sort=p.price&order=ASC' . $url)
LINE: 293
CODE: $this->url->link('product/category', 'path=' . $this->request->get['path'] . '&sort=p.price&order=DESC' . $url)
LINE: 299
CODE: $this->url->link('product/category', 'path=' . $this->request->get['path'] . '&sort=rating&order=DESC' . $url)
LINE: 306
CODE: $this->url->link('product/category', 'path=' . $this->request->get['path'] . '&sort=rating&order=ASC' . $url)
LINE: 312
CODE: $this->url->link('product/category', 'path=' . $this->request->get['path'] . '&sort=p.model&order=ASC' . $url)
LINE: 319
CODE: $this->url->link('product/category', 'path=' . $this->request->get['path'] . '&sort=p.model&order=DESC' . $url)
LINE: 325
CODE: $this->url->link('product/category', 'path=' . $this->request->get['path'] . $url . '&limit=' . $value)
LINE: 352
CODE: $pagination->url = $this->url->link('product/category', 'path=' . $this->request->get['path'] . $url . '&page={page}');
LINE: 378
FILE: catalog/model/catalog/product.php
CODE: if (!empty($data['filter_manufacturer_id'])) {
LINE: 151
LINE: 504
----------------------------------------------------------------
MOD: Product Rotator Image by Plaza Themes
FILE: admin/controller/catalog/product.php
CODE: public function index() {
LINE: 10
CODE: $data['entry_image'] = $this->language->get('entry_image');
LINE: 582
CODE: 'sort_order' => $product_image['sort_order']
LINE: 1237
FILE: admin/model/catalog/product.php
CODE: $this->db->query("INSERT INTO " . DB_PREFIX . "product_image SET product_id = '" . (int)$product_id . "', image = '" . $this->db->escape($product_image['image']) . "', sort_order = '" . (int)$product_image['sort_order'] . "'");
LINE: 65
LINE: 203
FILE: admin/view/template/catalog/product_form.tpl
CODE: <td class="text-right"><?php echo $entry_sort_order; ?></td>
LINE: 823
CODE: <td class="text-left"><button type="button" onclick="$('#image-row<?php echo $image_row; ?>').remove();" data-toggle="tooltip" title="<?php echo $button_remove; ?>" class="btn btn-danger"><i class="fa fa-minus-circle"></i></button></td>
LINE: 848
CODE: function addImage() {
LINE: 1375
CODE: $('#images tbody').append(html);
LINE: 1393
CODE: html += '  <td class="text-left"><button type="button" onclick="$(\'#image-row' + image_row  + '\').remove();" data-toggle="tooltip" title="<?php echo $button_remove; ?>" class="btn btn-danger"><i class="fa fa-minus-circle"></i></button></td>';
LINE: 1389
----------------------------------------------------------------
MOD: Search Category by Plaza Themes
FILE: catalog/controller/common/header.php
CODE: $data['search'] = $this->load->controller('common/search');
LINE: 127
----------------------------------------------------------------
MOD: Testimonial by Plaza Themes
CODE: $data['category'] = $this->url->link('catalog/category', 'token=' . $this->session->data['token'], 'SSL');
LINE: 123
CODE: $data['text_category'] = $this->language->get('text_category');
LINE: 18
CODE: 'Customers';
LINE: 19
CODE: <li><a href="<?php echo $product; ?>"><?php echo $text_product; ?></a></li>
LINE: 15
----------------------------------------------------------------
2015-12-04 9:17:44 - MOD: Modification Default
FILE: system/engine/action.php
REGEX: ~(require|include)(_once)?\(([^)]+)~
LINE: 58
FILE: system/engine/loader.php
REGEX: ~(require|include)(_once)?\(([^)]+)~
LINE: 20
LINE: 37
LINE: 54
LINE: 65
FILE: system/library/config.php
REGEX: ~(require|include)(_once)?\(([^)]+)~
LINE: 23
FILE: system/library/language.php
REGEX: ~(require|include)(_once)?\(([^)]+)~
LINE: 21
LINE: 27
----------------------------------------------------------------
MOD: Blog For Opencart 2.x+
FILE: admin/controller/common/menu.php
CODE: return $this->load->view('common/menu.tpl', $data);
LINE: 210
FILE: admin/view/template/common/menu.tpl
CODE: <li id="system"><a class="parent"><i class="fa fa-cog fa-fw"></i> <span><?php echo $text_system; ?></span></a>
LINE: 119
FILE: admin/language/english/common/menu.php
CODE: $_['text_user']                        = 'Users';
LINE: 78
FILE: catalog/view/theme/default/template/common/footer.tpl
CODE: <?php foreach ($informations as $information) { ?>
LINE: 10
FILE: catalog/controller/common/footer.php
CODE: $data['informations'] = array();
LINE: 28
----------------------------------------------------------------
MOD: Category Thumbnail by Plaza Themes
CODE: $data['category'] = $this->url->link('catalog/category', 'token=' . $this->session->data['token'], 'SSL');
LINE: 117
CODE: $data['text_category'] = $this->language->get('text_category');
LINE: 15
CODE: 'Categories';
LINE: 12
CODE: <li><a href="<?php echo $category; ?>"><?php echo $text_category; ?></a></li>
LINE: 4
----------------------------------------------------------------
MOD: Layered Navigation Ajax by Plaza Themes
FILE: catalog/controller/product/category.php
CODE: if (file_exists(DIR_TEMPLATE . $this->config->get('config_template') . '/template/product/category.tpl')) {
LINE: 409
CODE: $this->response->setOutput($this->load->view('default/template/product/category.tpl', $data));
LINE: 415
CODE: 'href'  => $this->url->link('product/category', 'path=' . $this->request->get['path'] . '_' . $result['category_id'] . $url)
LINE: 163
CODE: $this->url->link('product/category', 'path=' . $this->request->get['path'] . '&sort=p.sort_order&order=ASC' . $url)
LINE: 275
CODE: $this->url->link('product/category', 'path=' . $this->request->get['path'] . '&sort=pd.name&order=ASC' . $url)
LINE: 281
CODE: $this->url->link('product/category', 'path=' . $this->request->get['path'] . '&sort=pd.name&order=DESC' . $url)
LINE: 287
CODE: $this->url->link('product/category', 'path=' . $this->request->get['path'] . '&sort=p.price&order=ASC' . $url)
LINE: 293
CODE: $this->url->link('product/category', 'path=' . $this->request->get['path'] . '&sort=p.price&order=DESC' . $url)
LINE: 299
CODE: $this->url->link('product/category', 'path=' . $this->request->get['path'] . '&sort=rating&order=DESC' . $url)
LINE: 306
CODE: $this->url->link('product/category', 'path=' . $this->request->get['path'] . '&sort=rating&order=ASC' . $url)
LINE: 312
CODE: $this->url->link('product/category', 'path=' . $this->request->get['path'] . '&sort=p.model&order=ASC' . $url)
LINE: 319
CODE: $this->url->link('product/category', 'path=' . $this->request->get['path'] . '&sort=p.model&order=DESC' . $url)
LINE: 325
CODE: $this->url->link('product/category', 'path=' . $this->request->get['path'] . $url . '&limit=' . $value)
LINE: 352
CODE: $pagination->url = $this->url->link('product/category', 'path=' . $this->request->get['path'] . $url . '&page={page}');
LINE: 378
FILE: catalog/model/catalog/product.php
CODE: if (!empty($data['filter_manufacturer_id'])) {
LINE: 151
LINE: 504
----------------------------------------------------------------
MOD: Product Rotator Image by Plaza Themes
FILE: admin/controller/catalog/product.php
CODE: public function index() {
LINE: 10
CODE: $data['entry_image'] = $this->language->get('entry_image');
LINE: 582
CODE: 'sort_order' => $product_image['sort_order']
LINE: 1237
FILE: admin/model/catalog/product.php
CODE: $this->db->query("INSERT INTO " . DB_PREFIX . "product_image SET product_id = '" . (int)$product_id . "', image = '" . $this->db->escape($product_image['image']) . "', sort_order = '" . (int)$product_image['sort_order'] . "'");
LINE: 65
LINE: 203
FILE: admin/view/template/catalog/product_form.tpl
CODE: <td class="text-right"><?php echo $entry_sort_order; ?></td>
LINE: 823
CODE: <td class="text-left"><button type="button" onclick="$('#image-row<?php echo $image_row; ?>').remove();" data-toggle="tooltip" title="<?php echo $button_remove; ?>" class="btn btn-danger"><i class="fa fa-minus-circle"></i></button></td>
LINE: 848
CODE: function addImage() {
LINE: 1375
CODE: $('#images tbody').append(html);
LINE: 1393
CODE: html += '  <td class="text-left"><button type="button" onclick="$(\'#image-row' + image_row  + '\').remove();" data-toggle="tooltip" title="<?php echo $button_remove; ?>" class="btn btn-danger"><i class="fa fa-minus-circle"></i></button></td>';
LINE: 1389
----------------------------------------------------------------
MOD: Search Category by Plaza Themes
FILE: catalog/controller/common/header.php
CODE: $data['search'] = $this->load->controller('common/search');
LINE: 127
----------------------------------------------------------------
MOD: Testimonial by Plaza Themes
CODE: $data['category'] = $this->url->link('catalog/category', 'token=' . $this->session->data['token'], 'SSL');
LINE: 123
CODE: $data['text_category'] = $this->language->get('text_category');
LINE: 18
CODE: 'Customers';
LINE: 19
CODE: <li><a href="<?php echo $product; ?>"><?php echo $text_product; ?></a></li>
LINE: 15
----------------------------------------------------------------
2015-12-04 9:26:24 - MOD: Modification Default
FILE: system/engine/action.php
REGEX: ~(require|include)(_once)?\(([^)]+)~
LINE: 58
FILE: system/engine/loader.php
REGEX: ~(require|include)(_once)?\(([^)]+)~
LINE: 20
LINE: 37
LINE: 54
LINE: 65
FILE: system/library/config.php
REGEX: ~(require|include)(_once)?\(([^)]+)~
LINE: 23
FILE: system/library/language.php
REGEX: ~(require|include)(_once)?\(([^)]+)~
LINE: 21
LINE: 27
----------------------------------------------------------------
MOD: Blog For Opencart 2.x+
FILE: admin/controller/common/menu.php
CODE: return $this->load->view('common/menu.tpl', $data);
LINE: 210
FILE: admin/view/template/common/menu.tpl
CODE: <li id="system"><a class="parent"><i class="fa fa-cog fa-fw"></i> <span><?php echo $text_system; ?></span></a>
LINE: 119
FILE: admin/language/english/common/menu.php
CODE: $_['text_user']                        = 'Users';
LINE: 78
FILE: catalog/view/theme/default/template/common/footer.tpl
CODE: <?php foreach ($informations as $information) { ?>
LINE: 10
FILE: catalog/controller/common/footer.php
CODE: $data['informations'] = array();
LINE: 28
----------------------------------------------------------------
MOD: Category Thumbnail by Plaza Themes
CODE: $data['category'] = $this->url->link('catalog/category', 'token=' . $this->session->data['token'], 'SSL');
LINE: 117
CODE: $data['text_category'] = $this->language->get('text_category');
LINE: 15
CODE: 'Categories';
LINE: 12
CODE: <li><a href="<?php echo $category; ?>"><?php echo $text_category; ?></a></li>
LINE: 4
----------------------------------------------------------------
MOD: Layered Navigation Ajax by Plaza Themes
FILE: catalog/controller/product/category.php
CODE: if (file_exists(DIR_TEMPLATE . $this->config->get('config_template') . '/template/product/category.tpl')) {
LINE: 397
CODE: $this->response->setOutput($this->load->view('default/template/product/category.tpl', $data));
LINE: 403
CODE: 'href'  => $this->url->link('product/category', 'path=' . $this->request->get['path'] . '_' . $result['category_id'] . $url)
LINE: 163
CODE: $this->url->link('product/category', 'path=' . $this->request->get['path'] . '&sort=p.sort_order&order=ASC' . $url)
LINE: 263
CODE: $this->url->link('product/category', 'path=' . $this->request->get['path'] . '&sort=pd.name&order=ASC' . $url)
LINE: 269
CODE: $this->url->link('product/category', 'path=' . $this->request->get['path'] . '&sort=pd.name&order=DESC' . $url)
LINE: 275
CODE: $this->url->link('product/category', 'path=' . $this->request->get['path'] . '&sort=p.price&order=ASC' . $url)
LINE: 281
CODE: $this->url->link('product/category', 'path=' . $this->request->get['path'] . '&sort=p.price&order=DESC' . $url)
LINE: 287
CODE: $this->url->link('product/category', 'path=' . $this->request->get['path'] . '&sort=rating&order=DESC' . $url)
LINE: 294
CODE: $this->url->link('product/category', 'path=' . $this->request->get['path'] . '&sort=rating&order=ASC' . $url)
LINE: 300
CODE: $this->url->link('product/category', 'path=' . $this->request->get['path'] . '&sort=p.model&order=ASC' . $url)
LINE: 307
CODE: $this->url->link('product/category', 'path=' . $this->request->get['path'] . '&sort=p.model&order=DESC' . $url)
LINE: 313
CODE: $this->url->link('product/category', 'path=' . $this->request->get['path'] . $url . '&limit=' . $value)
LINE: 340
CODE: $pagination->url = $this->url->link('product/category', 'path=' . $this->request->get['path'] . $url . '&page={page}');
LINE: 366
FILE: catalog/model/catalog/product.php
CODE: if (!empty($data['filter_manufacturer_id'])) {
LINE: 151
LINE: 504
----------------------------------------------------------------
MOD: Product Rotator Image by Plaza Themes
FILE: admin/controller/catalog/product.php
CODE: public function index() {
LINE: 10
CODE: $data['entry_image'] = $this->language->get('entry_image');
LINE: 582
CODE: 'sort_order' => $product_image['sort_order']
LINE: 1237
FILE: admin/model/catalog/product.php
CODE: $this->db->query("INSERT INTO " . DB_PREFIX . "product_image SET product_id = '" . (int)$product_id . "', image = '" . $this->db->escape($product_image['image']) . "', sort_order = '" . (int)$product_image['sort_order'] . "'");
LINE: 65
LINE: 203
FILE: admin/view/template/catalog/product_form.tpl
CODE: <td class="text-right"><?php echo $entry_sort_order; ?></td>
LINE: 823
CODE: <td class="text-left"><button type="button" onclick="$('#image-row<?php echo $image_row; ?>').remove();" data-toggle="tooltip" title="<?php echo $button_remove; ?>" class="btn btn-danger"><i class="fa fa-minus-circle"></i></button></td>
LINE: 848
CODE: function addImage() {
LINE: 1375
CODE: $('#images tbody').append(html);
LINE: 1393
CODE: html += '  <td class="text-left"><button type="button" onclick="$(\'#image-row' + image_row  + '\').remove();" data-toggle="tooltip" title="<?php echo $button_remove; ?>" class="btn btn-danger"><i class="fa fa-minus-circle"></i></button></td>';
LINE: 1389
----------------------------------------------------------------
MOD: Search Category by Plaza Themes
FILE: catalog/controller/common/header.php
CODE: $data['search'] = $this->load->controller('common/search');
LINE: 127
----------------------------------------------------------------
MOD: Testimonial by Plaza Themes
CODE: $data['category'] = $this->url->link('catalog/category', 'token=' . $this->session->data['token'], 'SSL');
LINE: 123
CODE: $data['text_category'] = $this->language->get('text_category');
LINE: 18
CODE: 'Customers';
LINE: 19
CODE: <li><a href="<?php echo $product; ?>"><?php echo $text_product; ?></a></li>
LINE: 15
----------------------------------------------------------------
2015-12-04 9:35:54 - MOD: Modification Default
FILE: system/engine/action.php
REGEX: ~(require|include)(_once)?\(([^)]+)~
LINE: 58
FILE: system/engine/loader.php
REGEX: ~(require|include)(_once)?\(([^)]+)~
LINE: 20
LINE: 37
LINE: 54
LINE: 65
FILE: system/library/config.php
REGEX: ~(require|include)(_once)?\(([^)]+)~
LINE: 23
FILE: system/library/language.php
REGEX: ~(require|include)(_once)?\(([^)]+)~
LINE: 21
LINE: 27
----------------------------------------------------------------
MOD: Blog For Opencart 2.x+
FILE: admin/controller/common/menu.php
CODE: return $this->load->view('common/menu.tpl', $data);
LINE: 210
FILE: admin/view/template/common/menu.tpl
CODE: <li id="system"><a class="parent"><i class="fa fa-cog fa-fw"></i> <span><?php echo $text_system; ?></span></a>
LINE: 119
FILE: admin/language/english/common/menu.php
CODE: $_['text_user']                        = 'Users';
LINE: 78
FILE: catalog/view/theme/default/template/common/footer.tpl
CODE: <?php foreach ($informations as $information) { ?>
LINE: 10
FILE: catalog/controller/common/footer.php
CODE: $data['informations'] = array();
LINE: 28
----------------------------------------------------------------
MOD: Category Thumbnail by Plaza Themes
CODE: $data['category'] = $this->url->link('catalog/category', 'token=' . $this->session->data['token'], 'SSL');
LINE: 117
CODE: $data['text_category'] = $this->language->get('text_category');
LINE: 15
CODE: 'Categories';
LINE: 12
CODE: <li><a href="<?php echo $category; ?>"><?php echo $text_category; ?></a></li>
LINE: 4
----------------------------------------------------------------
MOD: Layered Navigation Ajax by Plaza Themes
FILE: catalog/controller/product/category.php
CODE: if (file_exists(DIR_TEMPLATE . $this->config->get('config_template') . '/template/product/category.tpl')) {
LINE: 413
CODE: $this->response->setOutput($this->load->view('default/template/product/category.tpl', $data));
LINE: 419
CODE: 'href'  => $this->url->link('product/category', 'path=' . $this->request->get['path'] . '_' . $result['category_id'] . $url)
LINE: 163
CODE: $this->url->link('product/category', 'path=' . $this->request->get['path'] . '&sort=p.sort_order&order=ASC' . $url)
LINE: 279
CODE: $this->url->link('product/category', 'path=' . $this->request->get['path'] . '&sort=pd.name&order=ASC' . $url)
LINE: 285
CODE: $this->url->link('product/category', 'path=' . $this->request->get['path'] . '&sort=pd.name&order=DESC' . $url)
LINE: 291
CODE: $this->url->link('product/category', 'path=' . $this->request->get['path'] . '&sort=p.price&order=ASC' . $url)
LINE: 297
CODE: $this->url->link('product/category', 'path=' . $this->request->get['path'] . '&sort=p.price&order=DESC' . $url)
LINE: 303
CODE: $this->url->link('product/category', 'path=' . $this->request->get['path'] . '&sort=rating&order=DESC' . $url)
LINE: 310
CODE: $this->url->link('product/category', 'path=' . $this->request->get['path'] . '&sort=rating&order=ASC' . $url)
LINE: 316
CODE: $this->url->link('product/category', 'path=' . $this->request->get['path'] . '&sort=p.model&order=ASC' . $url)
LINE: 323
CODE: $this->url->link('product/category', 'path=' . $this->request->get['path'] . '&sort=p.model&order=DESC' . $url)
LINE: 329
CODE: $this->url->link('product/category', 'path=' . $this->request->get['path'] . $url . '&limit=' . $value)
LINE: 356
CODE: $pagination->url = $this->url->link('product/category', 'path=' . $this->request->get['path'] . $url . '&page={page}');
LINE: 382
FILE: catalog/model/catalog/product.php
CODE: if (!empty($data['filter_manufacturer_id'])) {
LINE: 151
LINE: 504
----------------------------------------------------------------
MOD: Product Rotator Image by Plaza Themes
FILE: admin/controller/catalog/product.php
CODE: public function index() {
LINE: 10
CODE: $data['entry_image'] = $this->language->get('entry_image');
LINE: 582
CODE: 'sort_order' => $product_image['sort_order']
LINE: 1237
FILE: admin/model/catalog/product.php
CODE: $this->db->query("INSERT INTO " . DB_PREFIX . "product_image SET product_id = '" . (int)$product_id . "', image = '" . $this->db->escape($product_image['image']) . "', sort_order = '" . (int)$product_image['sort_order'] . "'");
LINE: 65
LINE: 203
FILE: admin/view/template/catalog/product_form.tpl
CODE: <td class="text-right"><?php echo $entry_sort_order; ?></td>
LINE: 823
CODE: <td class="text-left"><button type="button" onclick="$('#image-row<?php echo $image_row; ?>').remove();" data-toggle="tooltip" title="<?php echo $button_remove; ?>" class="btn btn-danger"><i class="fa fa-minus-circle"></i></button></td>
LINE: 848
CODE: function addImage() {
LINE: 1375
CODE: $('#images tbody').append(html);
LINE: 1393
CODE: html += '  <td class="text-left"><button type="button" onclick="$(\'#image-row' + image_row  + '\').remove();" data-toggle="tooltip" title="<?php echo $button_remove; ?>" class="btn btn-danger"><i class="fa fa-minus-circle"></i></button></td>';
LINE: 1389
----------------------------------------------------------------
MOD: Search Category by Plaza Themes
FILE: catalog/controller/common/header.php
CODE: $data['search'] = $this->load->controller('common/search');
LINE: 127
----------------------------------------------------------------
MOD: Testimonial by Plaza Themes
CODE: $data['category'] = $this->url->link('catalog/category', 'token=' . $this->session->data['token'], 'SSL');
LINE: 123
CODE: $data['text_category'] = $this->language->get('text_category');
LINE: 18
CODE: 'Customers';
LINE: 19
CODE: <li><a href="<?php echo $product; ?>"><?php echo $text_product; ?></a></li>
LINE: 15
----------------------------------------------------------------
